 
------------------------
Results for |eta| < 1.25
------------------------
 
region:  BP
nobs:    64682
ngam:    33047557
mbt:     0.29085
Observed conversion probability in % 0.195723998599957 +- 0.0007688240034382973  (  0.39281028843565946 )
Corresponding to  0.25189172782880004 +- 0.0009904265067829374  radiation lengths in %  (  0.3931953285326177 )
(RecoSIM/MBT ratio)  0.8660537315757264 +- 0.003405282815138172
 
region:  BPIX1
nobs:    408888
ngam:    32902522
mbt:     1.9016
Observed conversion probability in % 1.2427254056695107 +- 0.0019313346955694274  (  0.1554112185007542 )
Corresponding to  1.6078009039834722 +- 0.0025143915916973044  radiation lengths in %  (  0.15638699950147258 )
(RecoSIM/MBT ratio)  0.8454990029361971 +- 0.0013222505215067862
 
region:  BPIX2
nobs:    434761
ngam:    32388557
mbt:     2.0138
Observed conversion probability in % 1.342329020709382 +- 0.002022083658752037  (  0.15063994203771472 )
Corresponding to  1.7375396137452128 +- 0.0026351948319483817  radiation lengths in %  (  0.1516624318146221 )
(RecoSIM/MBT ratio)  0.8628163738927466 +- 0.0013085682947404816
 
region:  BPIX3
nobs:    448641
ngam:    31827269
mbt:     2.1175
Observed conversion probability in % 1.4096119902716127 +- 0.002089620369761355  (  0.1482408197562731 )
Corresponding to  1.8252532054023076 +- 0.0027250676413370415  radiation lengths in %  (  0.1492980608537764 )
(RecoSIM/MBT ratio)  0.8619849848417036 +- 0.001286926867219382
 
region:  BPIX4
nobs:    438583
ngam:    30804492
mbt:     2.4658
Observed conversion probability in % 1.423763131688716 +- 0.0021345088670348695  (  0.14992022335226102 )
Corresponding to  1.8437089909305464 +- 0.0027840061971494898  radiation lengths in %  (  0.15100030486613628 )
(RecoSIM/MBT ratio)  0.7477123006450427 +- 0.0011290478534956158
 
region:  Other
nobs:    664990
ngam:    27115728
mbt:     5.1844
Observed conversion probability in % 2.4524143331132398 +- 0.0029702605759289254  (  0.12111577296803273 )
Corresponding to  3.192411718800234 +- 0.003914916426334595  radiation lengths in %  (  0.12263194008716057 )
(RecoSIM/MBT ratio)  0.6157726484839584 +- 0.0007551339453619697
 
